-------------------------------------------------------------------------------
Test set: fr.enssat.test.TestCdm
-------------------------------------------------------------------------------
Tests run: 3, Failures: 0, Errors: 3, Skipped: 0, Time elapsed: 0.302 sec <<< FAILURE! - in fr.enssat.test.TestCdm
addCdm(fr.enssat.test.TestCdm)  Time elapsed: 0.08 sec  <<< ERROR!
java.lang.NoClassDefFoundError: Could not initialize class fr.enssat.dao.CdmDAO2Impl
	at fr.enssat.services.CDMServiceImpl2.<init>(CDMServiceImpl2.java:11)
	at fr.enssat.test.TestCdm.addCdm(TestCdm.java:76)

update(fr.enssat.test.TestCdm)  Time elapsed: 0.156 sec  <<< ERROR!
java.lang.NoClassDefFoundError: Could not initialize class fr.enssat.dao.CdmDAO2Impl
	at fr.enssat.services.CDMServiceImpl2.<init>(CDMServiceImpl2.java:11)
	at fr.enssat.test.TestCdm.update(TestCdm.java:127)

getCDMById(fr.enssat.test.TestCdm)  Time elapsed: 0.065 sec  <<< ERROR!
java.lang.NoClassDefFoundError: Could not initialize class fr.enssat.dao.CdmDAO2Impl
	at fr.enssat.services.CDMServiceImpl2.<init>(CDMServiceImpl2.java:11)
	at fr.enssat.test.TestCdm.getCDMById(TestCdm.java:93)

