-------------------------------------------------------------------------------
Test set: fr.enssat.test.TestProgram
-------------------------------------------------------------------------------
Tests run: 2, Failures: 0, Errors: 2, Skipped: 0, Time elapsed: 0.658 sec <<< FAILURE! - in fr.enssat.test.TestProgram
test_SubProgram(fr.enssat.test.TestProgram)  Time elapsed: 0.581 sec  <<< ERROR!
java.lang.NoClassDefFoundError: Could not initialize class fr.enssat.dao.CdmDAO2Impl
	at fr.enssat.services.CDMServiceImpl2.<init>(CDMServiceImpl2.java:11)
	at fr.enssat.test.TestProgram.test_SubProgram(TestProgram.java:100)

test_Program(fr.enssat.test.TestProgram)  Time elapsed: 0.077 sec  <<< ERROR!
java.lang.NoClassDefFoundError: Could not initialize class fr.enssat.dao.CdmDAO2Impl
	at fr.enssat.services.CDMServiceImpl2.<init>(CDMServiceImpl2.java:11)
	at fr.enssat.test.TestProgram.test_Program(TestProgram.java:174)

