<?xml version="1.0" encoding="UTF-8"?>
<testsuite name="fr.enssat.test.TestCourseService" time="0.479" tests="1" errors="1" skipped="0" failures="0">
  <properties>
[...]
</properties>
  <testcase name="addCourse" classname="fr.enssat.test.TestCourseService" time="0.479">
    <error type="java.lang.ExceptionInInitializerError:"><![CDATA[java.lang.ExceptionInInitializerError: null
	at org.hibernate.util.ConfigHelper.getResourceAsStream(ConfigHelper.java:170)
	at org.hibernate.cfg.Configuration.getConfigurationInputStream(Configuration.java:2176)
	at org.hibernate.cfg.Configuration.configure(Configuration.java:2157)
	at org.hibernate.cfg.Configuration.configure(Configuration.java:2137)
	at fr.enssat.dao.CdmDAO2Impl.<clinit>(CdmDAO2Impl.java:28)
	at fr.enssat.services.CDMServiceImpl2.<init>(CDMServiceImpl2.java:11)
	at fr.enssat.test.TestCourseService.addCourse(TestCourseService.java:33)
]]></error>
    <system-out><![CDATA[0 [main] DEBUG org.hibernate.type.BasicTypeRegistry  - Adding type registration boolean -> org.hibernate.type.BooleanType@5990e2
0 [main] DEBUG org.hibernate.type.BasicTypeRegistry  - Adding type registration boolean -> org.hibernate.type.BooleanType@5990e2
0 [main] DEBUG org.hibernate.type.BasicTypeRegistry  - Adding type registration java.lang.Boolean -> org.hibernate.type.BooleanType@5990e2
2 [main] DEBUG org.hibernate.type.BasicTypeRegistry  - Adding type registration numeric_boolean -> org.hibernate.type.NumericBooleanType@17a4a80
3 [main] DEBUG org.hibernate.type.BasicTypeRegistry  - Adding type registration true_false -> org.hibernate.type.TrueFalseType@e523ed
4 [main] DEBUG org.hibernate.type.BasicTypeRegistry  - Adding type registration yes_no -> org.hibernate.type.YesNoType@6ac42f
6 [main] DEBUG org.hibernate.type.BasicTypeRegistry  - Adding type registration byte -> org.hibernate.type.ByteType@2a170d
6 [main] DEBUG org.hibernate.type.BasicTypeRegistry  - Adding type registration byte -> org.hibernate.type.ByteType@2a170d
6 [main] DEBUG org.hibernate.type.BasicTypeRegistry  - Adding type registration java.lang.Byte -> org.hibernate.type.ByteType@2a170d
7 [main] DEBUG org.hibernate.type.BasicTypeRegistry  - Adding type registration character -> org.hibernate.type.CharacterType@1533240
7 [main] DEBUG org.hibernate.type.BasicTypeRegistry  - Adding type registration char -> org.hibernate.type.CharacterType@1533240
7 [main] DEBUG org.hibernate.type.BasicTypeRegistry  - Adding type registration java.lang.Character -> org.hibernate.type.CharacterType@1533240
10 [main] DEBUG org.hibernate.type.BasicTypeRegistry  - Adding type registration short -> org.hibernate.type.ShortType@1fa425c
10 [main] DEBUG org.hibernate.type.BasicTypeRegistry  - Adding type registration short -> org.hibernate.type.ShortType@1fa425c
10 [main] DEBUG org.hibernate.type.BasicTypeRegistry  - Adding type registration java.lang.Short -> org.hibernate.type.ShortType@1fa425c
12 [main] DEBUG org.hibernate.type.BasicTypeRegistry  - Adding type registration integer -> org.hibernate.type.IntegerType@51c45f
12 [main] DEBUG org.hibernate.type.BasicTypeRegistry  - Adding type registration int -> org.hibernate.type.IntegerType@51c45f
12 [main] DEBUG org.hibernate.type.BasicTypeRegistry  - Adding type registration java.lang.Integer -> org.hibernate.type.IntegerType@51c45f
14 [main] DEBUG org.hibernate.type.BasicTypeRegistry  - Adding type registration long -> org.hibernate.type.LongType@ce3dad
14 [main] DEBUG org.hibernate.type.BasicTypeRegistry  - Adding type registration long -> org.hibernate.type.LongType@ce3dad
14 [main] DEBUG org.hibernate.type.BasicTypeRegistry  - Adding type registration java.lang.Long -> org.hibernate.type.LongType@ce3dad
17 [main] DEBUG org.hibernate.type.BasicTypeRegistry  - Adding type registration float -> org.hibernate.type.FloatType@75b962
17 [main] DEBUG org.hibernate.type.BasicTypeRegistry  - Adding type registration float -> org.hibernate.type.FloatType@75b962
17 [main] DEBUG org.hibernate.type.BasicTypeRegistry  - Adding type registration java.lang.Float -> org.hibernate.type.FloatType@75b962
19 [main] DEBUG org.hibernate.type.BasicTypeRegistry  - Adding type registration double -> org.hibernate.type.DoubleType@1809bd3
19 [main] DEBUG org.hibernate.type.BasicTypeRegistry  - Adding type registration double -> org.hibernate.type.DoubleType@1809bd3
19 [main] DEBUG org.hibernate.type.BasicTypeRegistry  - Adding type registration java.lang.Double -> org.hibernate.type.DoubleType@1809bd3
22 [main] DEBUG org.hibernate.type.BasicTypeRegistry  - Adding type registration big_decimal -> org.hibernate.type.BigDecimalType@103c0ad
22 [main] DEBUG org.hibernate.type.BasicTypeRegistry  - Adding type registration java.math.BigDecimal -> org.hibernate.type.BigDecimalType@103c0ad
24 [main] DEBUG org.hibernate.type.BasicTypeRegistry  - Adding type registration big_integer -> org.hibernate.type.BigIntegerType@223477
24 [main] DEBUG org.hibernate.type.BasicTypeRegistry  - Adding type registration java.math.BigInteger -> org.hibernate.type.BigIntegerType@223477
25 [main] DEBUG org.hibernate.type.BasicTypeRegistry  - Adding type registration string -> org.hibernate.type.StringType@1da1845
25 [main] DEBUG org.hibernate.type.BasicTypeRegistry  - Adding type registration java.lang.String -> org.hibernate.type.StringType@1da1845
27 [main] DEBUG org.hibernate.type.BasicTypeRegistry  - Adding type registration url -> org.hibernate.type.UrlType@1ff3358
27 [main] DEBUG org.hibernate.type.BasicTypeRegistry  - Adding type registration java.net.URL -> org.hibernate.type.UrlType@1ff3358
30 [main] DEBUG org.hibernate.type.BasicTypeRegistry  - Adding type registration date -> org.hibernate.type.DateType@8f5f75
30 [main] DEBUG org.hibernate.type.BasicTypeRegistry  - Adding type registration java.sql.Date -> org.hibernate.type.DateType@8f5f75
33 [main] DEBUG org.hibernate.type.BasicTypeRegistry  - Adding type registration time -> org.hibernate.type.TimeType@1fc493
34 [main] DEBUG org.hibernate.type.BasicTypeRegistry  - Adding type registration java.sql.Time -> org.hibernate.type.TimeType@1fc493
39 [main] DEBUG org.hibernate.type.BasicTypeRegistry  - Adding type registration timestamp -> org.hibernate.type.TimestampType@d2d8c7
39 [main] DEBUG org.hibernate.type.BasicTypeRegistry  - Adding type registration java.sql.Timestamp -> org.hibernate.type.TimestampType@d2d8c7
40 [main] DEBUG org.hibernate.type.BasicTypeRegistry  - Adding type registration java.util.Date -> org.hibernate.type.TimestampType@d2d8c7
43 [main] DEBUG org.hibernate.type.BasicTypeRegistry  - Adding type registration dbtimestamp -> org.hibernate.type.DbTimestampType@1d0f0db
48 [main] DEBUG org.hibernate.type.BasicTypeRegistry  - Adding type registration calendar -> org.hibernate.type.CalendarType@76f7c5
48 [main] DEBUG org.hibernate.type.BasicTypeRegistry  - Adding type registration java.util.Calendar -> org.hibernate.type.CalendarType@76f7c5
48 [main] DEBUG org.hibernate.type.BasicTypeRegistry  - Adding type registration java.util.GregorianCalendar -> org.hibernate.type.CalendarType@76f7c5
49 [main] DEBUG org.hibernate.type.BasicTypeRegistry  - Adding type registration calendar_date -> org.hibernate.type.CalendarDateType@1a172dc
52 [main] DEBUG org.hibernate.type.BasicTypeRegistry  - Adding type registration locale -> org.hibernate.type.LocaleType@1795061
52 [main] DEBUG org.hibernate.type.BasicTypeRegistry  - Adding type registration java.util.Locale -> org.hibernate.type.LocaleType@1795061
53 [main] DEBUG org.hibernate.type.BasicTypeRegistry  - Adding type registration currency -> org.hibernate.type.CurrencyType@1e32243
54 [main] DEBUG org.hibernate.type.BasicTypeRegistry  - Adding type registration java.util.Currency -> org.hibernate.type.CurrencyType@1e32243
56 [main] DEBUG org.hibernate.type.BasicTypeRegistry  - Adding type registration timezone -> org.hibernate.type.TimeZoneType@5b99ed
56 [main] DEBUG org.hibernate.type.BasicTypeRegistry  - Adding type registration java.util.TimeZone -> org.hibernate.type.TimeZoneType@5b99ed
57 [main] DEBUG org.hibernate.type.BasicTypeRegistry  - Adding type registration class -> org.hibernate.type.ClassType@15c3f7b
57 [main] DEBUG org.hibernate.type.BasicTypeRegistry  - Adding type registration java.lang.Class -> org.hibernate.type.ClassType@15c3f7b
62 [main] DEBUG org.hibernate.type.BasicTypeRegistry  - Adding type registration uuid-binary -> org.hibernate.type.UUIDBinaryType@9222f0
62 [main] DEBUG org.hibernate.type.BasicTypeRegistry  - Adding type registration java.util.UUID -> org.hibernate.type.UUIDBinaryType@9222f0
63 [main] DEBUG org.hibernate.type.BasicTypeRegistry  - Adding type registration uuid-char -> org.hibernate.type.UUIDCharType@110dd87
64 [main] DEBUG org.hibernate.type.BasicTypeRegistry  - Adding type registration pg-uuid -> org.hibernate.type.PostgresUUIDType@4a6010
66 [main] DEBUG org.hibernate.type.BasicTypeRegistry  - Adding type registration binary -> org.hibernate.type.BinaryType@1aac3f8
67 [main] DEBUG org.hibernate.type.BasicTypeRegistry  - Adding type registration byte[] -> org.hibernate.type.BinaryType@1aac3f8
67 [main] DEBUG org.hibernate.type.BasicTypeRegistry  - Adding type registration [B -> org.hibernate.type.BinaryType@1aac3f8
69 [main] DEBUG org.hibernate.type.BasicTypeRegistry  - Adding type registration wrapper-binary -> org.hibernate.type.WrapperBinaryType@16ce88a
69 [main] DEBUG org.hibernate.type.BasicTypeRegistry  - Adding type registration Byte[] -> org.hibernate.type.WrapperBinaryType@16ce88a
69 [main] DEBUG org.hibernate.type.BasicTypeRegistry  - Adding type registration [Ljava.lang.Byte; -> org.hibernate.type.WrapperBinaryType@16ce88a
72 [main] DEBUG org.hibernate.type.BasicTypeRegistry  - Adding type registration image -> org.hibernate.type.ImageType@18c6c98
74 [main] DEBUG org.hibernate.type.BasicTypeRegistry  - Adding type registration characters -> org.hibernate.type.CharArrayType@76ff65
74 [main] DEBUG org.hibernate.type.BasicTypeRegistry  - Adding type registration char[] -> org.hibernate.type.CharArrayType@76ff65
74 [main] DEBUG org.hibernate.type.BasicTypeRegistry  - Adding type registration [C -> org.hibernate.type.CharArrayType@76ff65
78 [main] DEBUG org.hibernate.type.BasicTypeRegistry  - Adding type registration wrapper-characters -> org.hibernate.type.CharacterArrayType@9458ea
79 [main] DEBUG org.hibernate.type.BasicTypeRegistry  - Adding type registration [Ljava.lang.Character; -> org.hibernate.type.CharacterArrayType@9458ea
79 [main] DEBUG org.hibernate.type.BasicTypeRegistry  - Adding type registration Character[] -> org.hibernate.type.CharacterArrayType@9458ea
81 [main] DEBUG org.hibernate.type.BasicTypeRegistry  - Adding type registration text -> org.hibernate.type.TextType@1481fbd
88 [main] DEBUG org.hibernate.type.BasicTypeRegistry  - Adding type registration blob -> org.hibernate.type.BlobType@15c60c8
88 [main] DEBUG org.hibernate.type.BasicTypeRegistry  - Adding type registration java.sql.Blob -> org.hibernate.type.BlobType@15c60c8
89 [main] DEBUG org.hibernate.type.BasicTypeRegistry  - Adding type registration materialized_blob -> org.hibernate.type.MaterializedBlobType@1117085
90 [main] DEBUG org.hibernate.type.BasicTypeRegistry  - Adding type registration wrapper_materialized_blob -> org.hibernate.type.WrappedMaterializedBlobType@3c0196
95 [main] DEBUG org.hibernate.type.BasicTypeRegistry  - Adding type registration clob -> org.hibernate.type.ClobType@98db1f
95 [main] DEBUG org.hibernate.type.BasicTypeRegistry  - Adding type registration java.sql.Clob -> org.hibernate.type.ClobType@98db1f
96 [main] DEBUG org.hibernate.type.BasicTypeRegistry  - Adding type registration materialized_clob -> org.hibernate.type.MaterializedClobType@2afee5
97 [main] DEBUG org.hibernate.type.BasicTypeRegistry  - Adding type registration wrapper_characters_clob -> org.hibernate.type.CharacterArrayClobType@bddc6
97 [main] DEBUG org.hibernate.type.BasicTypeRegistry  - Adding type registration characters_clob -> org.hibernate.type.PrimitiveCharacterArrayClobType@b80eb0
99 [main] DEBUG org.hibernate.type.BasicTypeRegistry  - Adding type registration serializable -> org.hibernate.type.SerializableType@194f49e
103 [main] DEBUG org.hibernate.type.BasicTypeRegistry  - Adding type registration object -> org.hibernate.type.ObjectType@1ab54a
111 [main] DEBUG org.hibernate.type.BasicTypeRegistry  - Adding type registration java.lang.Object -> org.hibernate.type.ObjectType@1ab54a
112 [main] DEBUG org.hibernate.type.BasicTypeRegistry  - Adding type registration imm_date -> org.hibernate.type.AdaptedImmutableType@158517d
112 [main] DEBUG org.hibernate.type.BasicTypeRegistry  - Adding type registration imm_time -> org.hibernate.type.AdaptedImmutableType@14e1672
112 [main] DEBUG org.hibernate.type.BasicTypeRegistry  - Adding type registration imm_timestamp -> org.hibernate.type.AdaptedImmutableType@1a3a66c
112 [main] DEBUG org.hibernate.type.BasicTypeRegistry  - Adding type registration imm_dbtimestamp -> org.hibernate.type.AdaptedImmutableType@1031d18
113 [main] DEBUG org.hibernate.type.BasicTypeRegistry  - Adding type registration imm_calendar -> org.hibernate.type.AdaptedImmutableType@16b1b61
113 [main] DEBUG org.hibernate.type.BasicTypeRegistry  - Adding type registration imm_calendar_date -> org.hibernate.type.AdaptedImmutableType@d2b045
113 [main] DEBUG org.hibernate.type.BasicTypeRegistry  - Adding type registration imm_binary -> org.hibernate.type.AdaptedImmutableType@328896
113 [main] DEBUG org.hibernate.type.BasicTypeRegistry  - Adding type registration imm_serializable -> org.hibernate.type.AdaptedImmutableType@1a55f23
132 [main] INFO org.hibernate.annotations.common.Version  - Hibernate Commons Annotations 3.2.0.Final
148 [main] INFO org.hibernate.cfg.Environment  - Hibernate 3.6.5.Final
149 [main] INFO org.hibernate.cfg.Environment  - hibernate.properties not found
152 [main] INFO org.hibernate.cfg.Environment  - Bytecode provider name : javassist
156 [main] INFO org.hibernate.cfg.Environment  - using JDK 1.4 java.sql.Timestamp handling
224 [main] DEBUG org.hibernate.id.factory.DefaultIdentifierGeneratorFactory  - Registering IdentifierGenerator strategy [uuid2] -> [class org.hibernate.id.UUIDGenerator]
224 [main] DEBUG org.hibernate.id.factory.DefaultIdentifierGeneratorFactory  - Registering IdentifierGenerator strategy [guid] -> [class org.hibernate.id.GUIDGenerator]
225 [main] DEBUG org.hibernate.id.factory.DefaultIdentifierGeneratorFactory  - Registering IdentifierGenerator strategy [uuid] -> [class org.hibernate.id.UUIDHexGenerator]
225 [main] DEBUG org.hibernate.id.factory.DefaultIdentifierGeneratorFactory  - Registering IdentifierGenerator strategy [uuid.hex] -> [class org.hibernate.id.UUIDHexGenerator]
226 [main] DEBUG org.hibernate.id.factory.DefaultIdentifierGeneratorFactory  - Registering IdentifierGenerator strategy [hilo] -> [class org.hibernate.id.TableHiLoGenerator]
226 [main] DEBUG org.hibernate.id.factory.DefaultIdentifierGeneratorFactory  - Registering IdentifierGenerator strategy [assigned] -> [class org.hibernate.id.Assigned]
227 [main] DEBUG org.hibernate.id.factory.DefaultIdentifierGeneratorFactory  - Registering IdentifierGenerator strategy [identity] -> [class org.hibernate.id.IdentityGenerator]
227 [main] DEBUG org.hibernate.id.factory.DefaultIdentifierGeneratorFactory  - Registering IdentifierGenerator strategy [select] -> [class org.hibernate.id.SelectGenerator]
228 [main] DEBUG org.hibernate.id.factory.DefaultIdentifierGeneratorFactory  - Registering IdentifierGenerator strategy [sequence] -> [class org.hibernate.id.SequenceGenerator]
228 [main] DEBUG org.hibernate.id.factory.DefaultIdentifierGeneratorFactory  - Registering IdentifierGenerator strategy [seqhilo] -> [class org.hibernate.id.SequenceHiLoGenerator]
228 [main] DEBUG org.hibernate.id.factory.DefaultIdentifierGeneratorFactory  - Registering IdentifierGenerator strategy [increment] -> [class org.hibernate.id.IncrementGenerator]
229 [main] DEBUG org.hibernate.id.factory.DefaultIdentifierGeneratorFactory  - Registering IdentifierGenerator strategy [foreign] -> [class org.hibernate.id.ForeignGenerator]
229 [main] DEBUG org.hibernate.id.factory.DefaultIdentifierGeneratorFactory  - Registering IdentifierGenerator strategy [sequence-identity] -> [class org.hibernate.id.SequenceIdentityGenerator]
230 [main] DEBUG org.hibernate.id.factory.DefaultIdentifierGeneratorFactory  - Registering IdentifierGenerator strategy [enhanced-sequence] -> [class org.hibernate.id.enhanced.SequenceStyleGenerator]
230 [main] DEBUG org.hibernate.id.factory.DefaultIdentifierGeneratorFactory  - Registering IdentifierGenerator strategy [enhanced-table] -> [class org.hibernate.id.enhanced.TableGenerator]
231 [main] INFO org.hibernate.cfg.Configuration  - configuring from resource: /hibernate.cfg.xml
231 [main] INFO org.hibernate.cfg.Configuration  - Configuration resource: /hibernate.cfg.xml
]]></system-out>
    <system-err><![CDATA[Initial SessionFactory creation failed.org.hibernate.HibernateException: /hibernate.cfg.xml not found
]]></system-err>
  </testcase>
</testsuite>